<?xml version="1.0" encoding="UTF-8"?>
<robot generator="Robot 3.2.2 (Python 3.9.2 on darwin)" generated="20210408 09:42:07.332" rpa="false">
<suite id="s1" name="The Internet Test" source="/Users/khadim/Projects/the-internet.robot/Tests/The_Internet_Test.robot">
<test id="s1-t1" name="Should Add/Remove Element on &quot;Add/Remove Element&quot; Page">
<kw name="Begin Test Case" library="Common" type="setup">
<msg timestamp="20210408 09:42:07.546" level="TRACE">Arguments: [  ]</msg>
<kw name="Open Browser" library="SeleniumLibrary">
<doc>Opens a new browser instance to the optional ``url``.</doc>
<arguments>
<arg>about:blank</arg>
<arg>Chrome</arg>
</arguments>
<msg timestamp="20210408 09:42:07.546" level="TRACE">Arguments: [ 'about:blank' | 'Chrome' ]</msg>
<msg timestamp="20210408 09:42:07.546" level="INFO">Opening browser 'Chrome' to base url 'about:blank'.</msg>
<msg timestamp="20210408 09:42:08.566" level="DEBUG">POST http://127.0.0.1:60394/session {"capabilities": {"firstMatch": [{}], "alwaysMatch": {"browserName": "chrome", "platformName": "any", "goog:chromeOptions": {"extensions": [], "args": []}}}, "desiredCapabilities": {"browserName": "chrome", "version": "", "platform": "ANY", "goog:chromeOptions": {"extensions": [], "args": []}}}</msg>
<msg timestamp="20210408 09:42:08.566" level="DEBUG">Starting new HTTP connection (1): 127.0.0.1:60394</msg>
<msg timestamp="20210408 09:42:10.959" level="DEBUG">http://127.0.0.1:60394 "POST /session HTTP/1.1" 200 763</msg>
<msg timestamp="20210408 09:42:10.960" level="DEBUG">Finished Request</msg>
<msg timestamp="20210408 09:42:10.960" level="DEBUG">POST http://127.0.0.1:60394/session/4d511cb081619fbb996e47ce8ebc2a58/timeouts {"script": 5000}</msg>
<msg timestamp="20210408 09:42:10.962" level="DEBUG">http://127.0.0.1:60394 "POST /session/4d511cb081619fbb996e47ce8ebc2a58/timeouts HTTP/1.1" 200 14</msg>
<msg timestamp="20210408 09:42:10.963" level="DEBUG">Finished Request</msg>
<msg timestamp="20210408 09:42:10.963" level="DEBUG">POST http://127.0.0.1:60394/session/4d511cb081619fbb996e47ce8ebc2a58/timeouts {"implicit": 0}</msg>
<msg timestamp="20210408 09:42:10.965" level="DEBUG">http://127.0.0.1:60394 "POST /session/4d511cb081619fbb996e47ce8ebc2a58/timeouts HTTP/1.1" 200 14</msg>
<msg timestamp="20210408 09:42:10.966" level="DEBUG">Finished Request</msg>
<msg timestamp="20210408 09:42:10.966" level="DEBUG">POST http://127.0.0.1:60394/session/4d511cb081619fbb996e47ce8ebc2a58/url {"url": "about:blank"}</msg>
<msg timestamp="20210408 09:42:10.997" level="DEBUG">http://127.0.0.1:60394 "POST /session/4d511cb081619fbb996e47ce8ebc2a58/url HTTP/1.1" 200 14</msg>
<msg timestamp="20210408 09:42:10.998" level="DEBUG">Finished Request</msg>
<msg timestamp="20210408 09:42:10.998" level="DEBUG">Opened browser with session id 4d511cb081619fbb996e47ce8ebc2a58.</msg>
<msg timestamp="20210408 09:42:10.998" level="TRACE">Return: 1</msg>
<status status="PASS" starttime="20210408 09:42:07.546" endtime="20210408 09:42:10.999"></status>
</kw>
<kw name="Maximize Browser Window" library="SeleniumLibrary">
<doc>Maximizes current browser window.</doc>
<msg timestamp="20210408 09:42:11.000" level="TRACE">Arguments: [  ]</msg>
<msg timestamp="20210408 09:42:11.000" level="DEBUG">POST http://127.0.0.1:60394/session/4d511cb081619fbb996e47ce8ebc2a58/window/maximize {}</msg>
<msg timestamp="20210408 09:42:11.134" level="DEBUG">http://127.0.0.1:60394 "POST /session/4d511cb081619fbb996e47ce8ebc2a58/window/maximize HTTP/1.1" 200 50</msg>
<msg timestamp="20210408 09:42:11.135" level="DEBUG">Finished Request</msg>
<msg timestamp="20210408 09:42:11.135" level="TRACE">Return: None</msg>
<status status="PASS" starttime="20210408 09:42:11.000" endtime="20210408 09:42:11.135"></status>
</kw>
<msg timestamp="20210408 09:42:11.135" level="TRACE">Return: None</msg>
<status status="PASS" starttime="20210408 09:42:07.545" endtime="20210408 09:42:11.136"></status>
</kw>
<kw name="Navigate To &quot;ADD/Remove Element&quot; Page" library="TheInternetApp">
<msg timestamp="20210408 09:42:11.137" level="TRACE">Arguments: [  ]</msg>
<kw name="Load" library="HomePage">
<msg timestamp="20210408 09:42:11.138" level="TRACE">Arguments: [  ]</msg>
<kw name="Go To" library="SeleniumLibrary">
<doc>Navigates the current browser window to the provided ``url``.</doc>
<arguments>
<arg>${HOME_PAGE_URL}</arg>
</arguments>
<msg timestamp="20210408 09:42:11.139" level="TRACE">Arguments: [ 'https://the-internet.herokuapp.com/' ]</msg>
<msg timestamp="20210408 09:42:11.139" level="INFO">Opening url 'https://the-internet.herokuapp.com/'</msg>
<msg timestamp="20210408 09:42:11.139" level="DEBUG">POST http://127.0.0.1:60394/session/4d511cb081619fbb996e47ce8ebc2a58/url {"url": "https://the-internet.herokuapp.com/"}</msg>
<msg timestamp="20210408 09:42:13.715" level="DEBUG">http://127.0.0.1:60394 "POST /session/4d511cb081619fbb996e47ce8ebc2a58/url HTTP/1.1" 200 14</msg>
<msg timestamp="20210408 09:42:13.716" level="DEBUG">Finished Request</msg>
<msg timestamp="20210408 09:42:13.716" level="TRACE">Return: None</msg>
<status status="PASS" starttime="20210408 09:42:11.138" endtime="20210408 09:42:13.716"></status>
</kw>
<msg timestamp="20210408 09:42:13.716" level="TRACE">Return: None</msg>
<status status="PASS" starttime="20210408 09:42:11.138" endtime="20210408 09:42:13.716"></status>
</kw>
<kw name="Click On &quot;Add/Remove Elements&quot; Link" library="HomePage">
<msg timestamp="20210408 09:42:13.717" level="TRACE">Arguments: [  ]</msg>
<kw name="Click Link" library="SeleniumLibrary">
<doc>Clicks a link identified by ``locator``.</doc>
<arguments>
<arg>${ADD_PAGE_LINK_TEXT}</arg>
</arguments>
<msg timestamp="20210408 09:42:13.717" level="TRACE">Arguments: [ 'Add/Remove Elements' ]</msg>
<msg timestamp="20210408 09:42:13.717" level="INFO">Clicking link 'Add/Remove Elements'.</msg>
<msg timestamp="20210408 09:42:13.717" level="DEBUG">GET http://127.0.0.1:60394/session/4d511cb081619fbb996e47ce8ebc2a58/url {}</msg>
<msg timestamp="20210408 09:42:13.731" level="DEBUG">http://127.0.0.1:60394 "GET /session/4d511cb081619fbb996e47ce8ebc2a58/url HTTP/1.1" 200 47</msg>
<msg timestamp="20210408 09:42:13.732" level="DEBUG">Finished Request</msg>
<msg timestamp="20210408 09:42:13.732" level="DEBUG">POST http://127.0.0.1:60394/session/4d511cb081619fbb996e47ce8ebc2a58/elements {"using": "xpath", "value": "//a[(@id='Add/Remove Elements' or @name='Add/Remove Elements' or @href='Add/Remove Elements' or normalize-space(descendant-or-self::text())='Add/Remove Elements' or @href='https://the-internet.herokuapp.com/Add/Remove Elements')]"}</msg>
<msg timestamp="20210408 09:42:13.751" level="DEBUG">http://127.0.0.1:60394 "POST /session/4d511cb081619fbb996e47ce8ebc2a58/elements HTTP/1.1" 200 90</msg>
<msg timestamp="20210408 09:42:13.751" level="DEBUG">Finished Request</msg>
<msg timestamp="20210408 09:42:13.752" level="DEBUG">POST http://127.0.0.1:60394/session/4d511cb081619fbb996e47ce8ebc2a58/element/1e3fdf5f-362e-47ea-9e49-5bc262333f5a/click {"id": "1e3fdf5f-362e-47ea-9e49-5bc262333f5a"}</msg>
<msg timestamp="20210408 09:42:14.198" level="DEBUG">http://127.0.0.1:60394 "POST /session/4d511cb081619fbb996e47ce8ebc2a58/element/1e3fdf5f-362e-47ea-9e49-5bc262333f5a/click HTTP/1.1" 200 14</msg>
<msg timestamp="20210408 09:42:14.199" level="DEBUG">Finished Request</msg>
<msg timestamp="20210408 09:42:14.199" level="TRACE">Return: None</msg>
<status status="PASS" starttime="20210408 09:42:13.717" endtime="20210408 09:42:14.199"></status>
</kw>
<msg timestamp="20210408 09:42:14.199" level="TRACE">Return: None</msg>
<status status="PASS" starttime="20210408 09:42:13.716" endtime="20210408 09:42:14.199"></status>
</kw>
<kw name="Verify Page Loaded" library="AddRemoveElementPage">
<msg timestamp="20210408 09:42:14.200" level="TRACE">Arguments: [  ]</msg>
<kw name="Wait Until Page Contains Element" library="SeleniumLibrary">
<doc>Waits until the element ``locator`` appears on the current page.</doc>
<arguments>
<arg>${ADD_PAGE_TITLE_LOCATOR}</arg>
</arguments>
<msg timestamp="20210408 09:42:14.200" level="TRACE">Arguments: [ 'xpath=//div[@id="content"]/h3' ]</msg>
<msg timestamp="20210408 09:42:14.200" level="DEBUG">POST http://127.0.0.1:60394/session/4d511cb081619fbb996e47ce8ebc2a58/elements {"using": "xpath", "value": "//div[@id=\"content\"]/h3"}</msg>
<msg timestamp="20210408 09:42:14.214" level="DEBUG">http://127.0.0.1:60394 "POST /session/4d511cb081619fbb996e47ce8ebc2a58/elements HTTP/1.1" 200 90</msg>
<msg timestamp="20210408 09:42:14.214" level="DEBUG">Finished Request</msg>
<msg timestamp="20210408 09:42:14.214" level="TRACE">Return: None</msg>
<status status="PASS" starttime="20210408 09:42:14.200" endtime="20210408 09:42:14.214"></status>
</kw>
<kw name="Page Should Contain" library="SeleniumLibrary">
<doc>Verifies that current page contains ``text``.</doc>
<arguments>
<arg>${ADD_PAGE_TITLE}</arg>
</arguments>
<msg timestamp="20210408 09:42:14.215" level="TRACE">Arguments: [ 'Add/Remove Elements' ]</msg>
<msg timestamp="20210408 09:42:14.215" level="DEBUG">POST http://127.0.0.1:60394/session/4d511cb081619fbb996e47ce8ebc2a58/frame {"id": null}</msg>
<msg timestamp="20210408 09:42:14.219" level="DEBUG">http://127.0.0.1:60394 "POST /session/4d511cb081619fbb996e47ce8ebc2a58/frame HTTP/1.1" 200 14</msg>
<msg timestamp="20210408 09:42:14.219" level="DEBUG">Finished Request</msg>
<msg timestamp="20210408 09:42:14.220" level="DEBUG">POST http://127.0.0.1:60394/session/4d511cb081619fbb996e47ce8ebc2a58/elements {"using": "xpath", "value": "//*[contains(., 'Add/Remove Elements')]"}</msg>
<msg timestamp="20210408 09:42:14.238" level="DEBUG">http://127.0.0.1:60394 "POST /session/4d511cb081619fbb996e47ce8ebc2a58/elements HTTP/1.1" 200 406</msg>
<msg timestamp="20210408 09:42:14.239" level="DEBUG">Finished Request</msg>
<msg timestamp="20210408 09:42:14.239" level="INFO">Current page contains text 'Add/Remove Elements'.</msg>
<msg timestamp="20210408 09:42:14.239" level="TRACE">Return: None</msg>
<status status="PASS" starttime="20210408 09:42:14.215" endtime="20210408 09:42:14.239"></status>
</kw>
<msg timestamp="20210408 09:42:14.239" level="TRACE">Return: None</msg>
<status status="PASS" starttime="20210408 09:42:14.199" endtime="20210408 09:42:14.239"></status>
</kw>
<kw name="Click On Add Element Button" library="AddRemoveElementPage">
<msg timestamp="20210408 09:42:14.240" level="TRACE">Arguments: [  ]</msg>
<kw name="Click Button" library="SeleniumLibrary">
<doc>Clicks the button identified by ``locator``.</doc>
<arguments>
<arg>${ADD_BUTTON_LOCATOR}</arg>
</arguments>
<msg timestamp="20210408 09:42:14.242" level="TRACE">Arguments: [ 'xpath=//div[@class="example"]/button' ]</msg>
<msg timestamp="20210408 09:42:14.242" level="INFO">Clicking button 'xpath=//div[@class="example"]/button'.</msg>
<msg timestamp="20210408 09:42:14.243" level="DEBUG">POST http://127.0.0.1:60394/session/4d511cb081619fbb996e47ce8ebc2a58/elements {"using": "xpath", "value": "//div[@class=\"example\"]/button"}</msg>
<msg timestamp="20210408 09:42:14.256" level="DEBUG">http://127.0.0.1:60394 "POST /session/4d511cb081619fbb996e47ce8ebc2a58/elements HTTP/1.1" 200 90</msg>
<msg timestamp="20210408 09:42:14.256" level="DEBUG">Finished Request</msg>
<msg timestamp="20210408 09:42:14.256" level="DEBUG">GET http://127.0.0.1:60394/session/4d511cb081619fbb996e47ce8ebc2a58/element/223ed332-dda5-4906-a215-c824e6bc6644/name {"id": "223ed332-dda5-4906-a215-c824e6bc6644"}</msg>
<msg timestamp="20210408 09:42:14.261" level="DEBUG">http://127.0.0.1:60394 "GET /session/4d511cb081619fbb996e47ce8ebc2a58/element/223ed332-dda5-4906-a215-c824e6bc6644/name HTTP/1.1" 200 18</msg>
<msg timestamp="20210408 09:42:14.261" level="DEBUG">Finished Request</msg>
<msg timestamp="20210408 09:42:14.261" level="DEBUG">POST http://127.0.0.1:60394/session/4d511cb081619fbb996e47ce8ebc2a58/elements {"using": "xpath", "value": "//div[@class=\"example\"]/button"}</msg>
<msg timestamp="20210408 09:42:14.268" level="DEBUG">http://127.0.0.1:60394 "POST /session/4d511cb081619fbb996e47ce8ebc2a58/elements HTTP/1.1" 200 90</msg>
<msg timestamp="20210408 09:42:14.268" level="DEBUG">Finished Request</msg>
<msg timestamp="20210408 09:42:14.268" level="DEBUG">GET http://127.0.0.1:60394/session/4d511cb081619fbb996e47ce8ebc2a58/element/223ed332-dda5-4906-a215-c824e6bc6644/name {"id": "223ed332-dda5-4906-a215-c824e6bc6644"}</msg>
<msg timestamp="20210408 09:42:14.272" level="DEBUG">http://127.0.0.1:60394 "GET /session/4d511cb081619fbb996e47ce8ebc2a58/element/223ed332-dda5-4906-a215-c824e6bc6644/name HTTP/1.1" 200 18</msg>
<msg timestamp="20210408 09:42:14.273" level="DEBUG">Finished Request</msg>
<msg timestamp="20210408 09:42:14.273" level="DEBUG">POST http://127.0.0.1:60394/session/4d511cb081619fbb996e47ce8ebc2a58/element/223ed332-dda5-4906-a215-c824e6bc6644/click {"id": "223ed332-dda5-4906-a215-c824e6bc6644"}</msg>
<msg timestamp="20210408 09:42:14.309" level="DEBUG">http://127.0.0.1:60394 "POST /session/4d511cb081619fbb996e47ce8ebc2a58/element/223ed332-dda5-4906-a215-c824e6bc6644/click HTTP/1.1" 200 14</msg>
<msg timestamp="20210408 09:42:14.310" level="DEBUG">Finished Request</msg>
<msg timestamp="20210408 09:42:14.310" level="TRACE">Return: None</msg>
<status status="PASS" starttime="20210408 09:42:14.241" endtime="20210408 09:42:14.310"></status>
</kw>
<msg timestamp="20210408 09:42:14.311" level="TRACE">Return: None</msg>
<status status="PASS" starttime="20210408 09:42:14.240" endtime="20210408 09:42:14.311"></status>
</kw>
<kw name="Click On Add Element Button" library="AddRemoveElementPage">
<msg timestamp="20210408 09:42:14.311" level="TRACE">Arguments: [  ]</msg>
<kw name="Click Button" library="SeleniumLibrary">
<doc>Clicks the button identified by ``locator``.</doc>
<arguments>
<arg>${ADD_BUTTON_LOCATOR}</arg>
</arguments>
<msg timestamp="20210408 09:42:14.312" level="TRACE">Arguments: [ 'xpath=//div[@class="example"]/button' ]</msg>
<msg timestamp="20210408 09:42:14.312" level="INFO">Clicking button 'xpath=//div[@class="example"]/button'.</msg>
<msg timestamp="20210408 09:42:14.312" level="DEBUG">POST http://127.0.0.1:60394/session/4d511cb081619fbb996e47ce8ebc2a58/elements {"using": "xpath", "value": "//div[@class=\"example\"]/button"}</msg>
<msg timestamp="20210408 09:42:14.326" level="DEBUG">http://127.0.0.1:60394 "POST /session/4d511cb081619fbb996e47ce8ebc2a58/elements HTTP/1.1" 200 90</msg>
<msg timestamp="20210408 09:42:14.327" level="DEBUG">Finished Request</msg>
<msg timestamp="20210408 09:42:14.327" level="DEBUG">GET http://127.0.0.1:60394/session/4d511cb081619fbb996e47ce8ebc2a58/element/223ed332-dda5-4906-a215-c824e6bc6644/name {"id": "223ed332-dda5-4906-a215-c824e6bc6644"}</msg>
<msg timestamp="20210408 09:42:14.333" level="DEBUG">http://127.0.0.1:60394 "GET /session/4d511cb081619fbb996e47ce8ebc2a58/element/223ed332-dda5-4906-a215-c824e6bc6644/name HTTP/1.1" 200 18</msg>
<msg timestamp="20210408 09:42:14.334" level="DEBUG">Finished Request</msg>
<msg timestamp="20210408 09:42:14.334" level="DEBUG">POST http://127.0.0.1:60394/session/4d511cb081619fbb996e47ce8ebc2a58/elements {"using": "xpath", "value": "//div[@class=\"example\"]/button"}</msg>
<msg timestamp="20210408 09:42:14.344" level="DEBUG">http://127.0.0.1:60394 "POST /session/4d511cb081619fbb996e47ce8ebc2a58/elements HTTP/1.1" 200 90</msg>
<msg timestamp="20210408 09:42:14.344" level="DEBUG">Finished Request</msg>
<msg timestamp="20210408 09:42:14.345" level="DEBUG">GET http://127.0.0.1:60394/session/4d511cb081619fbb996e47ce8ebc2a58/element/223ed332-dda5-4906-a215-c824e6bc6644/name {"id": "223ed332-dda5-4906-a215-c824e6bc6644"}</msg>
<msg timestamp="20210408 09:42:14.349" level="DEBUG">http://127.0.0.1:60394 "GET /session/4d511cb081619fbb996e47ce8ebc2a58/element/223ed332-dda5-4906-a215-c824e6bc6644/name HTTP/1.1" 200 18</msg>
<msg timestamp="20210408 09:42:14.349" level="DEBUG">Finished Request</msg>
<msg timestamp="20210408 09:42:14.349" level="DEBUG">POST http://127.0.0.1:60394/session/4d511cb081619fbb996e47ce8ebc2a58/element/223ed332-dda5-4906-a215-c824e6bc6644/click {"id": "223ed332-dda5-4906-a215-c824e6bc6644"}</msg>
<msg timestamp="20210408 09:42:14.373" level="DEBUG">http://127.0.0.1:60394 "POST /session/4d511cb081619fbb996e47ce8ebc2a58/element/223ed332-dda5-4906-a215-c824e6bc6644/click HTTP/1.1" 200 14</msg>
<msg timestamp="20210408 09:42:14.374" level="DEBUG">Finished Request</msg>
<msg timestamp="20210408 09:42:14.374" level="TRACE">Return: None</msg>
<status status="PASS" starttime="20210408 09:42:14.312" endtime="20210408 09:42:14.374"></status>
</kw>
<msg timestamp="20210408 09:42:14.374" level="TRACE">Return: None</msg>
<status status="PASS" starttime="20210408 09:42:14.311" endtime="20210408 09:42:14.374"></status>
</kw>
<kw name="Verify Added Element" library="AddRemoveElementPage">
<arguments>
<arg>2</arg>
</arguments>
<msg timestamp="20210408 09:42:14.375" level="TRACE">Arguments: [ ${number_element}='2' ]</msg>
<kw name="Wait Until Page Contains Element" library="SeleniumLibrary">
<doc>Waits until the element ``locator`` appears on the current page.</doc>
<arguments>
<arg>${ADDED_ELEMENT_LIST}</arg>
</arguments>
<msg timestamp="20210408 09:42:14.376" level="TRACE">Arguments: [ 'xpath=//div[@id="elements"]/button' ]</msg>
<msg timestamp="20210408 09:42:14.376" level="DEBUG">POST http://127.0.0.1:60394/session/4d511cb081619fbb996e47ce8ebc2a58/elements {"using": "xpath", "value": "//div[@id=\"elements\"]/button"}</msg>
<msg timestamp="20210408 09:42:14.386" level="DEBUG">http://127.0.0.1:60394 "POST /session/4d511cb081619fbb996e47ce8ebc2a58/elements HTTP/1.1" 200 169</msg>
<msg timestamp="20210408 09:42:14.386" level="DEBUG">Finished Request</msg>
<msg timestamp="20210408 09:42:14.386" level="TRACE">Return: None</msg>
<status status="PASS" starttime="20210408 09:42:14.376" endtime="20210408 09:42:14.386"></status>
</kw>
<kw name="Page Should Contain Element" library="SeleniumLibrary">
<doc>Verifies that element ``locator`` is found on the current page.</doc>
<arguments>
<arg>${ADDED_ELEMENT_LIST}</arg>
<arg>${number_element}</arg>
</arguments>
<msg timestamp="20210408 09:42:14.387" level="TRACE">Arguments: [ 'xpath=//div[@id="elements"]/button' | '2' ]</msg>
<msg timestamp="20210408 09:42:14.387" level="DEBUG">POST http://127.0.0.1:60394/session/4d511cb081619fbb996e47ce8ebc2a58/elements {"using": "xpath", "value": "//div[@id=\"elements\"]/button"}</msg>
<msg timestamp="20210408 09:42:14.397" level="DEBUG">http://127.0.0.1:60394 "POST /session/4d511cb081619fbb996e47ce8ebc2a58/elements HTTP/1.1" 200 169</msg>
<msg timestamp="20210408 09:42:14.397" level="DEBUG">Finished Request</msg>
<msg timestamp="20210408 09:42:14.397" level="INFO">Current page contains element 'xpath=//div[@id="elements"]/button'.</msg>
<msg timestamp="20210408 09:42:14.397" level="TRACE">Return: None</msg>
<status status="PASS" starttime="20210408 09:42:14.387" endtime="20210408 09:42:14.397"></status>
</kw>
<msg timestamp="20210408 09:42:14.397" level="TRACE">Return: None</msg>
<status status="PASS" starttime="20210408 09:42:14.375" endtime="20210408 09:42:14.397"></status>
</kw>
<kw name="Remove ELement In List" library="AddRemoveElementPage">
<msg timestamp="20210408 09:42:14.398" level="TRACE">Arguments: [  ]</msg>
<kw name="Click Button" library="SeleniumLibrary">
<doc>Clicks the button identified by ``locator``.</doc>
<arguments>
<arg>${FIRST_ELEMENT_LOCATOR}</arg>
</arguments>
<msg timestamp="20210408 09:42:14.398" level="TRACE">Arguments: [ 'xpath=//div[@id="elements"]/button[1]' ]</msg>
<msg timestamp="20210408 09:42:14.398" level="INFO">Clicking button 'xpath=//div[@id="elements"]/button[1]'.</msg>
<msg timestamp="20210408 09:42:14.398" level="DEBUG">POST http://127.0.0.1:60394/session/4d511cb081619fbb996e47ce8ebc2a58/elements {"using": "xpath", "value": "//div[@id=\"elements\"]/button[1]"}</msg>
<msg timestamp="20210408 09:42:14.411" level="DEBUG">http://127.0.0.1:60394 "POST /session/4d511cb081619fbb996e47ce8ebc2a58/elements HTTP/1.1" 200 90</msg>
<msg timestamp="20210408 09:42:14.411" level="DEBUG">Finished Request</msg>
<msg timestamp="20210408 09:42:14.411" level="DEBUG">GET http://127.0.0.1:60394/session/4d511cb081619fbb996e47ce8ebc2a58/element/89962536-7ca7-4702-bdb8-86daf99f52ec/name {"id": "89962536-7ca7-4702-bdb8-86daf99f52ec"}</msg>
<msg timestamp="20210408 09:42:14.415" level="DEBUG">http://127.0.0.1:60394 "GET /session/4d511cb081619fbb996e47ce8ebc2a58/element/89962536-7ca7-4702-bdb8-86daf99f52ec/name HTTP/1.1" 200 18</msg>
<msg timestamp="20210408 09:42:14.416" level="DEBUG">Finished Request</msg>
<msg timestamp="20210408 09:42:14.416" level="DEBUG">POST http://127.0.0.1:60394/session/4d511cb081619fbb996e47ce8ebc2a58/elements {"using": "xpath", "value": "//div[@id=\"elements\"]/button[1]"}</msg>
<msg timestamp="20210408 09:42:14.425" level="DEBUG">http://127.0.0.1:60394 "POST /session/4d511cb081619fbb996e47ce8ebc2a58/elements HTTP/1.1" 200 90</msg>
<msg timestamp="20210408 09:42:14.426" level="DEBUG">Finished Request</msg>
<msg timestamp="20210408 09:42:14.427" level="DEBUG">GET http://127.0.0.1:60394/session/4d511cb081619fbb996e47ce8ebc2a58/element/89962536-7ca7-4702-bdb8-86daf99f52ec/name {"id": "89962536-7ca7-4702-bdb8-86daf99f52ec"}</msg>
<msg timestamp="20210408 09:42:14.432" level="DEBUG">http://127.0.0.1:60394 "GET /session/4d511cb081619fbb996e47ce8ebc2a58/element/89962536-7ca7-4702-bdb8-86daf99f52ec/name HTTP/1.1" 200 18</msg>
<msg timestamp="20210408 09:42:14.432" level="DEBUG">Finished Request</msg>
<msg timestamp="20210408 09:42:14.432" level="DEBUG">POST http://127.0.0.1:60394/session/4d511cb081619fbb996e47ce8ebc2a58/element/89962536-7ca7-4702-bdb8-86daf99f52ec/click {"id": "89962536-7ca7-4702-bdb8-86daf99f52ec"}</msg>
<msg timestamp="20210408 09:42:14.467" level="DEBUG">http://127.0.0.1:60394 "POST /session/4d511cb081619fbb996e47ce8ebc2a58/element/89962536-7ca7-4702-bdb8-86daf99f52ec/click HTTP/1.1" 200 14</msg>
<msg timestamp="20210408 09:42:14.467" level="DEBUG">Finished Request</msg>
<msg timestamp="20210408 09:42:14.467" level="TRACE">Return: None</msg>
<status status="PASS" starttime="20210408 09:42:14.398" endtime="20210408 09:42:14.467"></status>
</kw>
<msg timestamp="20210408 09:42:14.467" level="TRACE">Return: None</msg>
<status status="PASS" starttime="20210408 09:42:14.398" endtime="20210408 09:42:14.467"></status>
</kw>
<kw name="Verify Added Element" library="AddRemoveElementPage">
<arguments>
<arg>1</arg>
</arguments>
<msg timestamp="20210408 09:42:14.468" level="TRACE">Arguments: [ ${number_element}='1' ]</msg>
<kw name="Wait Until Page Contains Element" library="SeleniumLibrary">
<doc>Waits until the element ``locator`` appears on the current page.</doc>
<arguments>
<arg>${ADDED_ELEMENT_LIST}</arg>
</arguments>
<msg timestamp="20210408 09:42:14.469" level="TRACE">Arguments: [ 'xpath=//div[@id="elements"]/button' ]</msg>
<msg timestamp="20210408 09:42:14.470" level="DEBUG">POST http://127.0.0.1:60394/session/4d511cb081619fbb996e47ce8ebc2a58/elements {"using": "xpath", "value": "//div[@id=\"elements\"]/button"}</msg>
<msg timestamp="20210408 09:42:14.478" level="DEBUG">http://127.0.0.1:60394 "POST /session/4d511cb081619fbb996e47ce8ebc2a58/elements HTTP/1.1" 200 90</msg>
<msg timestamp="20210408 09:42:14.479" level="DEBUG">Finished Request</msg>
<msg timestamp="20210408 09:42:14.479" level="TRACE">Return: None</msg>
<status status="PASS" starttime="20210408 09:42:14.468" endtime="20210408 09:42:14.479"></status>
</kw>
<kw name="Page Should Contain Element" library="SeleniumLibrary">
<doc>Verifies that element ``locator`` is found on the current page.</doc>
<arguments>
<arg>${ADDED_ELEMENT_LIST}</arg>
<arg>${number_element}</arg>
</arguments>
<msg timestamp="20210408 09:42:14.480" level="TRACE">Arguments: [ 'xpath=//div[@id="elements"]/button' | '1' ]</msg>
<msg timestamp="20210408 09:42:14.480" level="DEBUG">POST http://127.0.0.1:60394/session/4d511cb081619fbb996e47ce8ebc2a58/elements {"using": "xpath", "value": "//div[@id=\"elements\"]/button"}</msg>
<msg timestamp="20210408 09:42:14.488" level="DEBUG">http://127.0.0.1:60394 "POST /session/4d511cb081619fbb996e47ce8ebc2a58/elements HTTP/1.1" 200 90</msg>
<msg timestamp="20210408 09:42:14.489" level="DEBUG">Finished Request</msg>
<msg timestamp="20210408 09:42:14.489" level="INFO">Current page contains element 'xpath=//div[@id="elements"]/button'.</msg>
<msg timestamp="20210408 09:42:14.489" level="TRACE">Return: None</msg>
<status status="PASS" starttime="20210408 09:42:14.479" endtime="20210408 09:42:14.489"></status>
</kw>
<msg timestamp="20210408 09:42:14.489" level="TRACE">Return: None</msg>
<status status="PASS" starttime="20210408 09:42:14.468" endtime="20210408 09:42:14.490"></status>
</kw>
<msg timestamp="20210408 09:42:14.490" level="TRACE">Return: None</msg>
<status status="PASS" starttime="20210408 09:42:11.137" endtime="20210408 09:42:14.490"></status>
</kw>
<kw name="End Test Case" library="Common" type="teardown">
<msg timestamp="20210408 09:42:14.492" level="TRACE">Arguments: [  ]</msg>
<kw name="Close All Browsers" library="SeleniumLibrary">
<doc>Closes all open browsers and resets the browser cache.</doc>
<msg timestamp="20210408 09:42:14.493" level="TRACE">Arguments: [  ]</msg>
<msg timestamp="20210408 09:42:14.493" level="DEBUG">Closing all browsers.</msg>
<msg timestamp="20210408 09:42:14.493" level="DEBUG">DELETE http://127.0.0.1:60394/session/4d511cb081619fbb996e47ce8ebc2a58 {}</msg>
<msg timestamp="20210408 09:42:14.549" level="DEBUG">http://127.0.0.1:60394 "DELETE /session/4d511cb081619fbb996e47ce8ebc2a58 HTTP/1.1" 200 14</msg>
<msg timestamp="20210408 09:42:14.549" level="DEBUG">Finished Request</msg>
<msg timestamp="20210408 09:42:14.608" level="TRACE">Return: None</msg>
<status status="PASS" starttime="20210408 09:42:14.492" endtime="20210408 09:42:14.609"></status>
</kw>
<msg timestamp="20210408 09:42:14.609" level="TRACE">Return: None</msg>
<status status="PASS" starttime="20210408 09:42:14.491" endtime="20210408 09:42:14.609"></status>
</kw>
<tags>
<tag>add_remove</tag>
</tags>
<status status="PASS" starttime="20210408 09:42:07.545" endtime="20210408 09:42:14.609" critical="yes"></status>
</test>
<status status="PASS" starttime="20210408 09:42:07.342" endtime="20210408 09:42:14.613"></status>
</suite>
<statistics>
<total>
<stat pass="1" fail="0">Critical Tests</stat>
<stat pass="1" fail="0">All Tests</stat>
</total>
<tag>
<stat pass="1" fail="0">add_remove</stat>
</tag>
<suite>
<stat pass="1" fail="0" id="s1" name="The Internet Test">The Internet Test</stat>
</suite>
</statistics>
<errors>
</errors>
</robot>
